# JRE version: OpenJDK Runtime Environment Temurin-21.0.9+10 (21.0.9+10) (build 21.0.9+10-LTS)
# Java VM: OpenJDK 64-Bit Server VM Temurin-21.0.9+10 (21.0.9+10-LTS, mixed mode, sharing, tiered, compressed oops, compressed class ptrs, parallel gc, windows-amd64)
GC Precious Log:
 CardTable entry size: 512
 CPUs: 8 total, 8 available
 Memory: 6020M
 Large Page Support: Disabled
 NUMA Support: Disabled
 Compressed Oops: Enabled (32-bit)
 Alignments: Space 512K, Generation 512K, Heap 2M
 Heap Min Capacity: 100M
 Heap Initial Capacity: 100M
 Heap Max Capacity: 2G
 Pre-touch: Disabled
 Parallel Workers: 8
Heap:
 PSYoungGen      total 4096K, used 3520K [0x00000000d5580000, 0x00000000d5b80000, 0x0000000100000000)
  eden space 3072K, 100% used [0x00000000d5580000,0x00000000d5880000,0x00000000d5880000)
  from space 1024K, 43% used [0x00000000d5980000,0x00000000d59f0000,0x00000000d5a80000)
  to   space 1024K, 0% used [0x00000000d5880000,0x00000000d5880000,0x00000000d5980000)
 ParOldGen       total 1267712K, used 1267522K [0x0000000080000000, 0x00000000cd600000, 0x00000000d5580000)
  object space 1267712K, 99% used [0x0000000080000000,0x00000000cd5d0b08,0x00000000cd600000)
 Metaspace       used 99114K, committed 100864K, reserved 1179648K
  class space    used 9653K, committed 10496K, reserved 1048576K
GC Heap History (20 events):
Event: 50679.929 GC heap before
{Heap before GC invocations=17951 (full 12):
 PSYoungGen      total 2048K, used 2048K [0x00000000d5580000, 0x00000000d5b80000, 0x0000000100000000)
  eden space 1024K, 100% used [0x00000000d5580000,0x00000000d5680000,0x00000000d5680000)
  from space 1024K, 100% used [0x00000000d5880000,0x00000000d5980000,0x00000000d5980000)
  to   space 2048K, 0% used [0x00000000d5680000,0x00000000d5680000,0x00000000d5880000)
 ParOldGen       total 1263104K, used 1262901K [0x0000000080000000, 0x00000000cd180000, 0x00000000d5580000)
  object space 1263104K, 99% used [0x0000000080000000,0x00000000cd14d470,0x00000000cd180000)
 Metaspace       used 99114K, committed 100864K, reserved 1179648K
  class space    used 9653K, committed 10496K, reserved 1048576K
}
Event: 50679.941 GC heap after
{Heap after GC invocations=17951 (full 12):
 PSYoungGen      total 1536K, used 448K [0x00000000d5580000, 0x00000000d5900000, 0x0000000100000000)
  eden space 1024K, 0% used [0x00000000d5580000,0x00000000d5580000,0x00000000d5680000)
  from space 512K, 87% used [0x00000000d5680000,0x00000000d56f0000,0x00000000d5700000)
  to   space 1024K, 0% used [0x00000000d5800000,0x00000000d5800000,0x00000000d5900000)
 ParOldGen       total 1264128K, used 1263917K [0x0000000080000000, 0x00000000cd280000, 0x00000000d5580000)
  object space 1264128K, 99% used [0x0000000080000000,0x00000000cd24b470,0x00000000cd280000)
 Metaspace       used 99114K, committed 100864K, reserved 1179648K
  class space    used 9653K, committed 10496K, reserved 1048576K
}
Event: 50679.951 GC heap before
{Heap before GC invocations=17952 (full 12):
 PSYoungGen      total 1536K, used 1472K [0x00000000d5580000, 0x00000000d5900000, 0x0000000100000000)
  eden space 1024K, 100% used [0x00000000d5580000,0x00000000d5680000,0x00000000d5680000)
  from space 512K, 87% used [0x00000000d5680000,0x00000000d56f0000,0x00000000d5700000)
  to   space 1024K, 0% used [0x00000000d5800000,0x00000000d5800000,0x00000000d5900000)
 ParOldGen       total 1264128K, used 1263917K [0x0000000080000000, 0x00000000cd280000, 0x00000000d5580000)
  object space 1264128K, 99% used [0x0000000080000000,0x00000000cd24b470,0x00000000cd280000)
 Metaspace       used 99114K, committed 100864K, reserved 1179648K
  class space    used 9653K, committed 10496K, reserved 1048576K
}
Event: 50679.958 GC heap after
{Heap after GC invocations=17952 (full 12):
 PSYoungGen      total 2560K, used 512K [0x00000000d5580000, 0x00000000d5900000, 0x0000000100000000)
  eden space 1536K, 0% used [0x00000000d5580000,0x00000000d5580000,0x00000000d5700000)
  from space 1024K, 50% used [0x00000000d5800000,0x00000000d5880000,0x00000000d5900000)
  to   space 1024K, 0% used [0x00000000d5700000,0x00000000d5700000,0x00000000d5800000)
 ParOldGen       total 1264640K, used 1264268K [0x0000000080000000, 0x00000000cd300000, 0x00000000d5580000)
  object space 1264640K, 99% used [0x0000000080000000,0x00000000cd2a32e8,0x00000000cd300000)
 Metaspace       used 99114K, committed 100864K, reserved 1179648K
  class space    used 9653K, committed 10496K, reserved 1048576K
}
Event: 50680.434 GC heap before
{Heap before GC invocations=17953 (full 12):
 PSYoungGen      total 2560K, used 2047K [0x00000000d5580000, 0x00000000d5900000, 0x0000000100000000)
  eden space 1536K, 99% used [0x00000000d5580000,0x00000000d56ffff0,0x00000000d5700000)
  from space 1024K, 50% used [0x00000000d5800000,0x00000000d5880000,0x00000000d5900000)
  to   space 1024K, 0% used [0x00000000d5700000,0x00000000d5700000,0x00000000d5800000)
 ParOldGen       total 1264640K, used 1264268K [0x0000000080000000, 0x00000000cd300000, 0x00000000d5580000)
  object space 1264640K, 99% used [0x0000000080000000,0x00000000cd2a32e8,0x00000000cd300000)
 Metaspace       used 99114K, committed 100864K, reserved 1179648K
  class space    used 9653K, committed 10496K, reserved 1048576K
}
Event: 50680.440 GC heap after
{Heap after GC invocations=17953 (full 12):
 PSYoungGen      total 2560K, used 432K [0x00000000d5580000, 0x00000000d5880000, 0x0000000100000000)
  eden space 1536K, 0% used [0x00000000d5580000,0x00000000d5580000,0x00000000d5700000)
  from space 1024K, 42% used [0x00000000d5700000,0x00000000d576c010,0x00000000d5800000)
  to   space 512K, 0% used [0x00000000d5800000,0x00000000d5800000,0x00000000d5880000)
 ParOldGen       total 1265152K, used 1264684K [0x0000000080000000, 0x00000000cd380000, 0x00000000d5580000)
  object space 1265152K, 99% used [0x0000000080000000,0x00000000cd30b2f8,0x00000000cd380000)
 Metaspace       used 99114K, committed 100864K, reserved 1179648K
  class space    used 9653K, committed 10496K, reserved 1048576K
}
Event: 50680.454 GC heap before
{Heap before GC invocations=17954 (full 12):
 PSYoungGen      total 2560K, used 1968K [0x00000000d5580000, 0x00000000d5880000, 0x0000000100000000)
  eden space 1536K, 100% used [0x00000000d5580000,0x00000000d5700000,0x00000000d5700000)
  from space 1024K, 42% used [0x00000000d5700000,0x00000000d576c010,0x00000000d5800000)
  to   space 512K, 0% used [0x00000000d5800000,0x00000000d5800000,0x00000000d5880000)
 ParOldGen       total 1265152K, used 1264684K [0x0000000080000000, 0x00000000cd380000, 0x00000000d5580000)
  object space 1265152K, 99% used [0x0000000080000000,0x00000000cd30b2f8,0x00000000cd380000)
 Metaspace       used 99114K, committed 100864K, reserved 1179648K
  class space    used 9653K, committed 10496K, reserved 1048576K
}
Event: 50680.461 GC heap after
{Heap after GC invocations=17954 (full 12):
 PSYoungGen      total 2048K, used 512K [0x00000000d5580000, 0x00000000d5980000, 0x0000000100000000)
  eden space 1536K, 0% used [0x00000000d5580000,0x00000000d5580000,0x00000000d5700000)
  from space 512K, 100% used [0x00000000d5800000,0x00000000d5880000,0x00000000d5880000)
  to   space 1024K, 0% used [0x00000000d5700000,0x00000000d5700000,0x00000000d5800000)
 ParOldGen       total 1265152K, used 1265057K [0x0000000080000000, 0x00000000cd380000, 0x00000000d5580000)
  object space 1265152K, 99% used [0x0000000080000000,0x00000000cd3685e0,0x00000000cd380000)
 Metaspace       used 99114K, committed 100864K, reserved 1179648K
  class space    used 9653K, committed 10496K, reserved 1048576K
}
Event: 50680.464 GC heap before
{Heap before GC invocations=17955 (full 12):
 PSYoungGen      total 2048K, used 2048K [0x00000000d5580000, 0x00000000d5980000, 0x0000000100000000)
  eden space 1536K, 100% used [0x00000000d5580000,0x00000000d5700000,0x00000000d5700000)
  from space 512K, 100% used [0x00000000d5800000,0x00000000d5880000,0x00000000d5880000)
  to   space 1024K, 0% used [0x00000000d5700000,0x00000000d5700000,0x00000000d5800000)
 ParOldGen       total 1265152K, used 1265057K [0x0000000080000000, 0x00000000cd380000, 0x00000000d5580000)
  object space 1265152K, 99% used [0x0000000080000000,0x00000000cd3685e0,0x00000000cd380000)
 Metaspace       used 99114K, committed 100864K, reserved 1179648K
  class space    used 9653K, committed 10496K, reserved 1048576K
}
Event: 50680.469 GC heap after
{Heap after GC invocations=17955 (full 12):
 PSYoungGen      total 2560K, used 416K [0x00000000d5580000, 0x00000000d5980000, 0x0000000100000000)
  eden space 1536K, 0% used [0x00000000d5580000,0x00000000d5580000,0x00000000d5700000)
  from space 1024K, 40% used [0x00000000d5700000,0x00000000d5768020,0x00000000d5800000)
  to   space 1024K, 0% used [0x00000000d5880000,0x00000000d5880000,0x00000000d5980000)
 ParOldGen       total 1265664K, used 1265517K [0x0000000080000000, 0x00000000cd400000, 0x00000000d5580000)
  object space 1265664K, 99% used [0x0000000080000000,0x00000000cd3db5f0,0x00000000cd400000)
 Metaspace       used 99114K, committed 100864K, reserved 1179648K
  class space    used 9653K, committed 10496K, reserved 1048576K
}
Event: 50680.474 GC heap before
{Heap before GC invocations=17956 (full 12):
 PSYoungGen      total 2560K, used 1952K [0x00000000d5580000, 0x00000000d5980000, 0x0000000100000000)
  eden space 1536K, 100% used [0x00000000d5580000,0x00000000d5700000,0x00000000d5700000)
  from space 1024K, 40% used [0x00000000d5700000,0x00000000d5768020,0x00000000d5800000)
  to   space 1024K, 0% used [0x00000000d5880000,0x00000000d5880000,0x00000000d5980000)
 ParOldGen       total 1265664K, used 1265517K [0x0000000080000000, 0x00000000cd400000, 0x00000000d5580000)
  object space 1265664K, 99% used [0x0000000080000000,0x00000000cd3db5f0,0x00000000cd400000)
 Metaspace       used 99114K, committed 100864K, reserved 1179648K
  class space    used 9653K, committed 10496K, reserved 1048576K
}
Event: 50680.481 GC heap after
{Heap after GC invocations=17956 (full 12):
 PSYoungGen      total 3072K, used 768K [0x00000000d5580000, 0x00000000d5980000, 0x0000000100000000)
  eden space 2048K, 0% used [0x00000000d5580000,0x00000000d5580000,0x00000000d5780000)
  from space 1024K, 75% used [0x00000000d5880000,0x00000000d5940000,0x00000000d5980000)
  to   space 1024K, 0% used [0x00000000d5780000,0x00000000d5780000,0x00000000d5880000)
 ParOldGen       total 1266176K, used 1265814K [0x0000000080000000, 0x00000000cd480000, 0x00000000d5580000)
  object space 1266176K, 99% used [0x0000000080000000,0x00000000cd425910,0x00000000cd480000)
 Metaspace       used 99114K, committed 100864K, reserved 1179648K
  class space    used 9653K, committed 10496K, reserved 1048576K
}
Event: 50680.489 GC heap before
{Heap before GC invocations=17957 (full 12):
 PSYoungGen      total 3072K, used 2816K [0x00000000d5580000, 0x00000000d5980000, 0x0000000100000000)
  eden space 2048K, 100% used [0x00000000d5580000,0x00000000d5780000,0x00000000d5780000)
  from space 1024K, 75% used [0x00000000d5880000,0x00000000d5940000,0x00000000d5980000)
  to   space 1024K, 0% used [0x00000000d5780000,0x00000000d5780000,0x00000000d5880000)
 ParOldGen       total 1266176K, used 1265814K [0x0000000080000000, 0x00000000cd480000, 0x00000000d5580000)
  object space 1266176K, 99% used [0x0000000080000000,0x00000000cd425910,0x00000000cd480000)
 Metaspace       used 99114K, committed 100864K, reserved 1179648K
  class space    used 9653K, committed 10496K, reserved 1048576K
}
Event: 50680.495 GC heap after
{Heap after GC invocations=17957 (full 12):
 PSYoungGen      total 3072K, used 624K [0x00000000d5580000, 0x00000000d5a00000, 0x0000000100000000)
  eden space 2048K, 0% used [0x00000000d5580000,0x00000000d5580000,0x00000000d5780000)
  from space 1024K, 60% used [0x00000000d5780000,0x00000000d581c010,0x00000000d5880000)
  to   space 1024K, 0% used [0x00000000d5900000,0x00000000d5900000,0x00000000d5a00000)
 ParOldGen       total 1266688K, used 1266506K [0x0000000080000000, 0x00000000cd500000, 0x00000000d5580000)
  object space 1266688K, 99% used [0x0000000080000000,0x00000000cd4d2920,0x00000000cd500000)
 Metaspace       used 99114K, committed 100864K, reserved 1179648K
  class space    used 9653K, committed 10496K, reserved 1048576K
}
Event: 50680.599 GC heap before
{Heap before GC invocations=17958 (full 12):
 PSYoungGen      total 3072K, used 2671K [0x00000000d5580000, 0x00000000d5a00000, 0x0000000100000000)
  eden space 2048K, 99% used [0x00000000d5580000,0x00000000d577ffe8,0x00000000d5780000)
  from space 1024K, 60% used [0x00000000d5780000,0x00000000d581c010,0x00000000d5880000)
  to   space 1024K, 0% used [0x00000000d5900000,0x00000000d5900000,0x00000000d5a00000)
 ParOldGen       total 1266688K, used 1266506K [0x0000000080000000, 0x00000000cd500000, 0x00000000d5580000)
  object space 1266688K, 99% used [0x0000000080000000,0x00000000cd4d2920,0x00000000cd500000)
 Metaspace       used 99114K, committed 100864K, reserved 1179648K
  class space    used 9653K, committed 10496K, reserved 1048576K
}
Event: 50680.605 GC heap after
{Heap after GC invocations=17958 (full 12):
 PSYoungGen      total 3072K, used 224K [0x00000000d5580000, 0x00000000d5980000, 0x0000000100000000)
  eden space 2560K, 0% used [0x00000000d5580000,0x00000000d5580000,0x00000000d5800000)
  from space 512K, 43% used [0x00000000d5900000,0x00000000d5938000,0x00000000d5980000)
  to   space 512K, 0% used [0x00000000d5880000,0x00000000d5880000,0x00000000d5900000)
 ParOldGen       total 1267200K, used 1266850K [0x0000000080000000, 0x00000000cd580000, 0x00000000d5580000)
  object space 1267200K, 99% used [0x0000000080000000,0x00000000cd528978,0x00000000cd580000)
 Metaspace       used 99114K, committed 100864K, reserved 1179648K
  class space    used 9653K, committed 10496K, reserved 1048576K
}
Event: 50680.621 GC heap before
{Heap before GC invocations=17959 (full 12):
 PSYoungGen      total 3072K, used 2784K [0x00000000d5580000, 0x00000000d5980000, 0x0000000100000000)
  eden space 2560K, 100% used [0x00000000d5580000,0x00000000d5800000,0x00000000d5800000)
  from space 512K, 43% used [0x00000000d5900000,0x00000000d5938000,0x00000000d5980000)
  to   space 512K, 0% used [0x00000000d5880000,0x00000000d5880000,0x00000000d5900000)
 ParOldGen       total 1267200K, used 1266850K [0x0000000080000000, 0x00000000cd580000, 0x00000000d5580000)
  object space 1267200K, 99% used [0x0000000080000000,0x00000000cd528978,0x00000000cd580000)
 Metaspace       used 99114K, committed 100864K, reserved 1179648K
  class space    used 9653K, committed 10496K, reserved 1048576K
}
Event: 50680.626 GC heap after
{Heap after GC invocations=17959 (full 12):
 PSYoungGen      total 3584K, used 512K [0x00000000d5580000, 0x00000000d5a80000, 0x0000000100000000)
  eden space 3072K, 0% used [0x00000000d5580000,0x00000000d5580000,0x00000000d5880000)
  from space 512K, 100% used [0x00000000d5880000,0x00000000d5900000,0x00000000d5900000)
  to   space 1024K, 0% used [0x00000000d5980000,0x00000000d5980000,0x00000000d5a80000)
 ParOldGen       total 1267200K, used 1267013K [0x0000000080000000, 0x00000000cd580000, 0x00000000d5580000)
  object space 1267200K, 99% used [0x0000000080000000,0x00000000cd551688,0x00000000cd580000)
 Metaspace       used 99114K, committed 100864K, reserved 1179648K
  class space    used 9653K, committed 10496K, reserved 1048576K
}
Event: 50680.815 GC heap before
{Heap before GC invocations=17960 (full 12):
 PSYoungGen      total 3584K, used 3584K [0x00000000d5580000, 0x00000000d5a80000, 0x0000000100000000)
  eden space 3072K, 100% used [0x00000000d5580000,0x00000000d5880000,0x00000000d5880000)
  from space 512K, 100% used [0x00000000d5880000,0x00000000d5900000,0x00000000d5900000)
  to   space 1024K, 0% used [0x00000000d5980000,0x00000000d5980000,0x00000000d5a80000)
 ParOldGen       total 1267200K, used 1267013K [0x0000000080000000, 0x00000000cd580000, 0x00000000d5580000)
  object space 1267200K, 99% used [0x0000000080000000,0x00000000cd551688,0x00000000cd580000)
 Metaspace       used 99114K, committed 100864K, reserved 1179648K
  class space    used 9653K, committed 10496K, reserved 1048576K
}
Event: 50681.831 GC heap after
{Heap after GC invocations=17960 (full 12):
 PSYoungGen      total 4096K, used 448K [0x00000000d5580000, 0x00000000d5b80000, 0x0000000100000000)
  eden space 3072K, 0% used [0x00000000d5580000,0x00000000d5580000,0x00000000d5880000)
  from space 1024K, 43% used [0x00000000d5980000,0x00000000d59f0000,0x00000000d5a80000)
  to   space 1024K, 0% used [0x00000000d5880000,0x00000000d5880000,0x00000000d5980000)
 ParOldGen       total 1267712K, used 1267522K [0x0000000080000000, 0x00000000cd600000, 0x00000000d5580000)
  object space 1267712K, 99% used [0x0000000080000000,0x00000000cd5d0b08,0x00000000cd600000)
 Metaspace       used 99114K, committed 100864K, reserved 1179648K
  class space    used 9653K, committed 10496K, reserved 1048576K
}

